0 info it worked if it ends with ok
1 verbose cli [ '/usr/local/bin/node',
1 verbose cli   '/usr/local/lib/node_modules/npm/bin/npm-cli.js',
1 verbose cli   'run',
1 verbose cli   'lint' ]
2 info using npm@4.1.2
3 info using node@v7.6.0
4 verbose run-script [ 'prelint', 'lint', 'postlint' ]
5 info lifecycle polymer-starter-kit@~prelint: polymer-starter-kit@
6 silly lifecycle polymer-starter-kit@~prelint: no script for prelint, continuing
7 info lifecycle polymer-starter-kit@~lint: polymer-starter-kit@
8 verbose lifecycle polymer-starter-kit@~lint: unsafe-perm in lifecycle true
9 verbose lifecycle polymer-starter-kit@~lint: PATH: /usr/local/lib/node_modules/npm/bin/node-gyp-bin:/home/icastilho/work/repository/beerbelly/beerbelly-app/node_modules/.bin:/home/icastilho/.rvm/gems/ruby-2.3.0/bin:/home/icastilho/.rvm/gems/ruby-2.3.0@global/bin:/home/icastilho/.rvm/rubies/ruby-2.3.0/bin:/home/icastilho/.nvm/versions/node/v5.0.0/bin:/usr/local/heroku/bin:/usr/local/sbin:/usr/local/bin:/usr/sbin:/usr/bin:/sbin:/bin:/usr/games:/usr/local/games:~/work/ide/RubyMine-7.0.2/bin:~/work/ide/WebStorm-141.1550/bin:/home/icastilho/work/leanguage/scala/sbt/bin:/snap/bin:/usr/lib/jvm/java-8-oracle/bin:/usr/lib/jvm/java-8-oracle/db/bin:/usr/lib/jvm/java-8-oracle/jre/bin:/home/icastilho/.rvm/bin:/snap/bin:/usr/lib/jvm/java-8-oracle/bin:/usr/lib/jvm/java-8-oracle/db/bin:/usr/lib/jvm/java-8-oracle/jre/bin:/home/icastilho/work/leanguage/android-sdk-linux/tools:/home/icastilho/work/leanguage/android-sdk-linux/platform-tools:~/work/leanguage/scala/sbt/bin:/home/icastilho/.rvm/bin:/home/icastilho/.rvm/bin:/home/icastilho/work/ide/WebStorm-141.1550/bin
10 verbose lifecycle polymer-starter-kit@~lint: CWD: /home/icastilho/work/repository/beerbelly/beerbelly-app
11 silly lifecycle polymer-starter-kit@~lint: Args: [ '-c', 'eslint . --ext js,html --ignore-path .gitignore' ]
12 silly lifecycle polymer-starter-kit@~lint: Returned: code: 1  signal: null
13 info lifecycle polymer-starter-kit@~lint: Failed to exec lint script
14 verbose stack Error: polymer-starter-kit@ lint: `eslint . --ext js,html --ignore-path .gitignore`
14 verbose stack Exit status 1
14 verbose stack     at EventEmitter.<anonymous> (/usr/local/lib/node_modules/npm/lib/utils/lifecycle.js:279:16)
14 verbose stack     at emitTwo (events.js:106:13)
14 verbose stack     at EventEmitter.emit (events.js:192:7)
14 verbose stack     at ChildProcess.<anonymous> (/usr/local/lib/node_modules/npm/lib/utils/spawn.js:40:14)
14 verbose stack     at emitTwo (events.js:106:13)
14 verbose stack     at ChildProcess.emit (events.js:192:7)
14 verbose stack     at maybeClose (internal/child_process.js:890:16)
14 verbose stack     at Process.ChildProcess._handle.onexit (internal/child_process.js:226:5)
15 verbose pkgid polymer-starter-kit@
16 verbose cwd /home/icastilho/work/repository/beerbelly/beerbelly-app
17 error Linux 4.4.0-71-generic
18 error argv "/usr/local/bin/node" "/usr/local/lib/node_modules/npm/bin/npm-cli.js" "run" "lint"
19 error node v7.6.0
20 error npm  v4.1.2
21 error code ELIFECYCLE
22 error polymer-starter-kit@ lint: `eslint . --ext js,html --ignore-path .gitignore`
22 error Exit status 1
23 error Failed at the polymer-starter-kit@ lint script 'eslint . --ext js,html --ignore-path .gitignore'.
23 error Make sure you have the latest version of node.js and npm installed.
23 error If you do, this is most likely a problem with the polymer-starter-kit package,
23 error not with npm itself.
23 error Tell the author that this fails on your system:
23 error     eslint . --ext js,html --ignore-path .gitignore
23 error You can get information on how to open an issue for this project with:
23 error     npm bugs polymer-starter-kit
23 error Or if that isn't available, you can get their info via:
23 error     npm owner ls polymer-starter-kit
23 error There is likely additional logging output above.
24 verbose exit [ 1, true ]
